thermo1||2014-12-26 04:59:38
thermo1|17.56|2014-12-26 05:07:25
lux||2014-12-26 05:13:58
thermo1|17.68|2014-12-26 05:14:08
thermo2||2014-12-26 05:14:15
thermo3||2014-12-26 05:14:23
lux||2014-12-26 07:37:31
thermo1||2014-12-26 07:37:51
thermo2||2014-12-26 07:38:00
thermo3||2014-12-26 07:38:13
lux|0.0|2014-12-26 07:47:33
thermo1|12.68|2014-12-26 07:47:52
thermo3|4.31|2014-12-26 07:48:16
thermo1|12.62|2014-12-26 07:57:53
thermo2|5.12|2014-12-26 07:58:06
thermo3|4.0|2014-12-26 07:58:19
thermo2|4.87|2014-12-26 08:18:05
thermo1|12.5|2014-12-26 08:27:57
thermo2|4.12|2014-12-26 08:28:06
lux|0.0|2014-12-26 08:37:37
thermo1|12.25|2014-12-26 08:37:58
thermo1|12.18|2014-12-26 08:58:01
thermo2|3.87|2014-12-26 08:58:08
thermo3|3.25|2014-12-26 08:58:19
lux|0.0|2014-12-26 09:07:37
thermo1|12.0|2014-12-26 09:08:02
thermo2|3.31|2014-12-26 09:08:09
thermo3|1.31|2014-12-26 09:08:18
thermo2|3.18|2014-12-26 09:18:07
lux|0.0|2014-12-26 09:27:37
thermo1|11.87|2014-12-26 09:28:00
thermo2|3.0|2014-12-26 09:28:08
thermo3|0.56|2014-12-26 09:28:21
lux|0.0|2014-12-26 09:37:39
lux|0.0|2014-12-26 09:47:38
thermo1|11.68|2014-12-26 09:48:01
thermo2|2.87|2014-12-26 09:48:06
thermo3|0.81|2014-12-26 09:48:22
thermo1|11.5|2014-12-26 09:58:00
thermo2|2.93|2014-12-26 09:58:12
thermo3|1.0|2014-12-26 09:58:22
lux|0.0|2014-12-26 10:07:37
thermo1|11.43|2014-12-26 10:08:00
thermo2|3.37|2014-12-26 10:08:08
thermo3|1.68|2014-12-26 10:08:19
lux|0.0|2014-12-26 10:17:39
thermo1|11.31|2014-12-26 10:18:00
thermo2|3.81|2014-12-26 10:18:09
thermo3|2.5|2014-12-26 10:18:19
lux|0.0|2014-12-26 10:27:38
lux|0.0|2014-12-26 10:37:38
thermo1|11.25|2014-12-26 10:38:02
thermo2|3.93|2014-12-26 10:38:11
thermo3|2.93|2014-12-26 10:38:20
thermo1|11.12|2014-12-26 10:48:02
lux|0.0|2014-12-26 10:57:38
thermo1|11.06|2014-12-26 10:58:02
thermo2|4.0|2014-12-26 10:58:11
thermo3|2.75|2014-12-26 10:58:20
lux|0.0|2014-12-26 11:07:38
thermo1|10.93|2014-12-26 11:08:03
thermo2|4.5|2014-12-26 11:08:12
thermo3|4.5|2014-12-26 11:08:21
lux|0.0|2014-12-26 11:17:39
thermo1|10.87|2014-12-26 11:18:03
thermo2|5.68|2014-12-26 11:18:12
thermo3|5.87|2014-12-26 11:18:21
lux|0.0|2014-12-26 11:27:40
thermo1|10.81|2014-12-26 11:28:03
thermo2|6.37|2014-12-26 11:28:12
thermo3|6.93|2014-12-26 11:28:21
lux|0.0|2014-12-26 11:37:40
thermo1|10.75|2014-12-26 11:38:03
thermo2|6.56|2014-12-26 11:38:13
thermo3|6.93|2014-12-26 11:38:21
lux|0.0|2014-12-26 11:47:40
thermo1|10.75|2014-12-26 11:48:03
thermo2|7.0|2014-12-26 11:48:13
thermo3|7.37|2014-12-26 11:48:22
lux|0.0|2014-12-26 11:57:41
thermo1|10.68|2014-12-26 11:58:04
thermo2|7.06|2014-12-26 11:58:14
thermo3|7.5|2014-12-26 11:58:22
lux|0.0|2014-12-26 12:07:42
thermo1|10.62|2014-12-26 12:08:04
thermo2|7.81|2014-12-26 12:08:15
thermo3|8.43|2014-12-26 12:08:23
lux|0.0|2014-12-26 12:17:42
thermo1|10.56|2014-12-26 12:18:05
thermo2|7.37|2014-12-26 12:18:15
thermo3|7.62|2014-12-26 12:18:24
lux|0.0|2014-12-26 12:27:43
thermo1|10.5|2014-12-26 12:28:05
thermo2|7.12|2014-12-26 12:28:16
thermo3|7.31|2014-12-26 12:28:24
lux|0.0|2014-12-26 12:37:44
thermo1|10.5|2014-12-26 12:38:06
thermo2|6.93|2014-12-26 12:38:17
thermo3|7.25|2014-12-26 12:38:25
lux|0.0|2014-12-26 12:47:44
thermo1|10.43|2014-12-26 12:48:06
thermo2|6.62|2014-12-26 12:48:17
thermo3|6.93|2014-12-26 12:48:25
lux|0.0|2014-12-26 12:57:45
thermo1|10.37|2014-12-26 12:58:07
thermo2|7.06|2014-12-26 12:58:18
thermo3|7.56|2014-12-26 12:58:26
lux|0.0|2014-12-26 13:07:46
thermo1|10.31|2014-12-26 13:08:08
thermo2|6.43|2014-12-26 13:08:19
thermo3|6.43|2014-12-26 13:08:27
lux|0.0|2014-12-26 13:17:46
thermo1|10.25|2014-12-26 13:18:08
thermo2|6.5|2014-12-26 13:18:19
thermo3|6.93|2014-12-26 13:18:27
lux|0.0|2014-12-26 13:27:46
thermo1|10.25|2014-12-26 13:28:08
thermo2|6.56|2014-12-26 13:28:20
thermo3|7.0|2014-12-26 13:28:28
lux|0.0|2014-12-26 13:37:47
thermo1|10.18|2014-12-26 13:38:09
thermo2|5.87|2014-12-26 13:38:21
thermo3|6.12|2014-12-26 13:38:29
lux|0.0|2014-12-26 13:47:48
thermo1|10.12|2014-12-26 13:48:09
thermo2|5.31|2014-12-26 13:48:22
thermo3|4.93|2014-12-26 13:48:30
lux|0.0|2014-12-26 13:57:48
thermo1|10.06|2014-12-26 13:58:10
thermo2|4.31|2014-12-26 13:58:22
thermo3|3.68|2014-12-26 13:58:30
lux|0.0|2014-12-26 14:07:49
thermo1|10.0|2014-12-26 14:08:10
thermo2|3.75|2014-12-26 14:08:23
thermo3|2.87|2014-12-26 14:08:31
lux|0.0|2014-12-26 14:17:50
thermo1|9.93|2014-12-26 14:18:11
thermo2|3.43|2014-12-26 14:18:24
thermo3|2.62|2014-12-26 14:18:32
lux|0.0|2014-12-26 14:27:50
thermo1|9.87|2014-12-26 14:28:11
thermo2|3.18|2014-12-26 14:28:24
thermo3|2.12|2014-12-26 14:28:33
lux|0.0|2014-12-26 14:37:51
thermo1|9.81|2014-12-26 14:38:12
thermo2|3.37|2014-12-26 14:38:25
thermo3|2.62|2014-12-26 14:38:33
lux|0.0|2014-12-26 14:47:52
thermo1|9.75|2014-12-26 14:48:13
thermo2|3.12|2014-12-26 14:48:25
thermo3|2.12|2014-12-26 14:48:34
lux|0.0|2014-12-26 14:57:52
thermo1|9.68|2014-12-26 14:58:14
thermo2|2.87|2014-12-26 14:58:25
thermo3|1.56|2014-12-26 14:58:35
lux|3.0|2014-12-26 15:07:52
thermo1|9.62|2014-12-26 15:08:14
thermo2|2.62|2014-12-26 15:08:26
thermo3|1.06|2014-12-26 15:08:37
lux|25.0|2014-12-26 15:17:53
thermo1|9.56|2014-12-26 15:18:14
thermo2|2.68|2014-12-26 15:18:27
thermo3|1.43|2014-12-26 15:18:36
lux|83.0|2014-12-26 15:27:53
thermo1|9.5|2014-12-26 15:28:14
thermo2|2.62|2014-12-26 15:28:27
thermo3|1.31|2014-12-26 15:28:36
lux|163.0|2014-12-26 15:37:54
thermo1|9.37|2014-12-26 15:38:14
thermo2|2.68|2014-12-26 15:38:27
thermo3|1.68|2014-12-26 15:38:36
lux|234.0|2014-12-26 15:47:54
thermo1|9.31|2014-12-26 15:48:15
thermo2|2.68|2014-12-26 15:48:28
thermo3|1.56|2014-12-26 15:48:37
lux|285.0|2014-12-26 15:57:55
thermo1|9.31|2014-12-26 15:58:15
thermo2|2.68|2014-12-26 15:58:28
thermo3|1.43|2014-12-26 15:58:38
lux|324.0|2014-12-26 16:07:56
thermo1|9.25|2014-12-26 16:08:16
thermo2|2.87|2014-12-26 16:08:29
thermo3|1.68|2014-12-26 16:08:38
lux|351.0|2014-12-26 16:18:00
thermo1|9.18|2014-12-26 16:18:17
thermo2|3.06|2014-12-26 16:18:30
thermo3|2.06|2014-12-26 16:18:38
lux|372.0|2014-12-26 16:27:57
thermo1|9.12|2014-12-26 16:28:18
thermo2|3.43|2014-12-26 16:28:29
thermo3|2.68|2014-12-26 16:28:39
lux|389.0|2014-12-26 16:37:59
thermo1|9.06|2014-12-26 16:38:19
thermo2|3.68|2014-12-26 16:38:30
thermo3|2.87|2014-12-26 16:38:39
lux|401.0|2014-12-26 16:47:59
thermo1|9.0|2014-12-26 16:48:19
thermo2|4.31|2014-12-26 16:48:30
thermo3|3.25|2014-12-26 16:48:39
lux|411.0|2014-12-26 16:58:00
thermo1|9.0|2014-12-26 16:58:20
thermo2|5.0|2014-12-26 16:58:31
thermo3|4.5|2014-12-26 16:58:40
lux|418.0|2014-12-26 17:08:01
thermo1|8.93|2014-12-26 17:08:20
thermo2|5.68|2014-12-26 17:08:32
thermo3|5.37|2014-12-26 17:08:40
lux|425.0|2014-12-26 17:18:02
thermo1|8.93|2014-12-26 17:18:21
thermo2|6.12|2014-12-26 17:18:33
thermo3|6.12|2014-12-26 17:18:41
lux|434.0|2014-12-26 17:28:02
thermo1|8.93|2014-12-26 17:28:21
thermo2|7.18|2014-12-26 17:28:32
thermo3|7.93|2014-12-26 17:28:41
lux|437.0|2014-12-26 17:38:04
thermo1|8.93|2014-12-26 17:38:21
thermo2|7.81|2014-12-26 17:38:33
thermo3|8.62|2014-12-26 17:38:41
lux|440.0|2014-12-26 17:48:04
thermo1|8.93|2014-12-26 17:48:21
thermo2|8.25|2014-12-26 17:48:34
thermo3|8.87|2014-12-26 17:48:42
lux|447.0|2014-12-26 17:58:05
thermo1|8.93|2014-12-26 17:58:22
thermo2|8.56|2014-12-26 17:58:34
thermo3|9.0|2014-12-26 17:58:42
lux|449.0|2014-12-26 18:08:06
thermo1|8.93|2014-12-26 18:08:22
thermo2|8.87|2014-12-26 18:08:34
thermo3|9.37|2014-12-26 18:08:43
lux|466.0|2014-12-26 18:18:07
thermo1|8.93|2014-12-26 18:18:23
thermo2|9.06|2014-12-26 18:18:35
thermo3|9.81|2014-12-26 18:18:44
lux|491.0|2014-12-26 18:28:08
thermo1|8.93|2014-12-26 18:28:24
thermo2|9.31|2014-12-26 18:28:35
thermo3|9.75|2014-12-26 18:28:44
lux||2014-12-26 19:04:56
thermo1||2014-12-26 19:05:06
thermo2||2014-12-26 19:05:14
thermo3||2014-12-26 19:05:24
lux|766.0|2014-12-26 19:19:42
thermo1|8.93|2014-12-26 19:20:00
thermo2|14.0|2014-12-26 19:20:12
thermo3|10.56|2014-12-26 19:20:24
lux|512.0|2014-12-26 19:29:43
thermo1|9.0|2014-12-26 19:30:01
thermo2|11.56|2014-12-26 19:30:12
thermo3|11.0|2014-12-26 19:30:25
lux|574.0|2014-12-26 19:39:43
thermo1|9.06|2014-12-26 19:40:01
thermo2|11.31|2014-12-26 19:40:13
thermo3|11.56|2014-12-26 19:40:25
lux|698.0|2014-12-26 19:49:43
thermo1|9.12|2014-12-26 19:50:02
thermo2|12.5|2014-12-26 19:50:13
thermo3|11.25|2014-12-26 19:50:25
lux|603.0|2014-12-26 19:59:44
thermo1|9.12|2014-12-26 20:00:02
thermo2|11.43|2014-12-26 20:00:14
thermo3|11.25|2014-12-26 20:00:26
lux|439.0|2014-12-26 20:09:44
thermo1|9.12|2014-12-26 20:10:02
thermo2|11.31|2014-12-26 20:10:15
thermo3|11.25|2014-12-26 20:10:26
lux|600.0|2014-12-26 20:19:44
thermo1|9.25|2014-12-26 20:20:02
thermo2|11.68|2014-12-26 20:20:15
thermo3|11.87|2014-12-26 20:20:26
lux|612.0|2014-12-26 20:29:44
thermo1|9.25|2014-12-26 20:30:03
thermo2|11.43|2014-12-26 20:30:16
thermo3|14.18|2014-12-26 20:30:26
lux|554.0|2014-12-26 20:39:45
thermo1|9.31|2014-12-26 20:40:04
thermo2|13.93|2014-12-26 20:40:16
thermo3|12.25|2014-12-26 20:40:27
lux|722.0|2014-12-26 20:49:45
thermo1|9.37|2014-12-26 20:50:04
thermo2|12.68|2014-12-26 20:50:16
thermo3|12.18|2014-12-26 20:50:27
lux|717.0|2014-12-26 20:59:45
thermo1|9.43|2014-12-26 21:00:05
thermo2|12.25|2014-12-26 21:00:17
thermo3|15.06|2014-12-26 21:00:28
lux|817.0|2014-12-26 21:09:46
thermo1|9.5|2014-12-26 21:10:06
thermo2|13.68|2014-12-26 21:10:17
thermo3|15.68|2014-12-26 21:10:29
lux|861.0|2014-12-26 21:19:47
thermo1|9.68|2014-12-26 21:20:06
thermo2|14.56|2014-12-26 21:20:17
thermo3|20.56|2014-12-26 21:20:29
lux|798.0|2014-12-26 21:29:47
thermo1|9.87|2014-12-26 21:30:06
thermo2|17.68|2014-12-26 21:30:18
thermo3|17.12|2014-12-26 21:30:30
lux|847.0|2014-12-26 21:39:48
thermo1|10.06|2014-12-26 21:40:06
thermo2|18.68|2014-12-26 21:40:18
thermo3|21.12|2014-12-26 21:40:31
lux|778.0|2014-12-26 21:49:48
thermo1|10.31|2014-12-26 21:50:07
thermo2|18.12|2014-12-26 21:50:18
thermo3|19.43|2014-12-26 21:50:31
lux|825.0|2014-12-26 21:59:49
thermo1|10.56|2014-12-26 22:00:07
thermo2|18.87|2014-12-26 22:00:19
thermo3|22.12|2014-12-26 22:00:32
lux|758.0|2014-12-26 22:09:49
thermo1|10.81|2014-12-26 22:10:07
thermo2|19.87|2014-12-26 22:10:19
thermo3|18.68|2014-12-26 22:10:33
lux|751.0|2014-12-26 22:19:49
thermo1|11.06|2014-12-26 22:20:08
thermo2|19.37|2014-12-26 22:20:19
thermo3|19.43|2014-12-26 22:20:33
lux|764.0|2014-12-26 22:29:50
thermo1|11.25|2014-12-26 22:30:08
thermo2|18.43|2014-12-26 22:30:20
thermo3|21.25|2014-12-26 22:30:33
lux|759.0|2014-12-26 22:39:50
thermo1|11.5|2014-12-26 22:40:08
thermo2|19.56|2014-12-26 22:40:20
thermo3|17.81|2014-12-26 22:40:34
lux|691.0|2014-12-26 22:49:50
thermo1|11.68|2014-12-26 22:50:09
thermo2|18.18|2014-12-26 22:50:21
thermo3|18.5|2014-12-26 22:50:34
lux|437.0|2014-12-26 22:59:51
thermo1|11.87|2014-12-26 23:00:09
thermo2|17.75|2014-12-26 23:00:21
thermo3|14.87|2014-12-26 23:00:34
lux|693.0|2014-12-26 23:09:51
thermo1|12.0|2014-12-26 23:10:10
thermo2|16.93|2014-12-26 23:10:21
thermo3|23.12|2014-12-26 23:10:34
lux|687.0|2014-12-26 23:19:52
thermo1|12.25|2014-12-26 23:20:10
thermo2|18.0|2014-12-26 23:20:22
thermo3|17.43|2014-12-26 23:20:35
lux|639.0|2014-12-26 23:29:52
thermo1|12.43|2014-12-26 23:30:10
thermo2|19.06|2014-12-26 23:30:22
thermo3|12.68|2014-12-26 23:30:36
lux|559.0|2014-12-26 23:39:52
thermo1|12.5|2014-12-26 23:40:11
thermo2|18.68|2014-12-26 23:40:22
thermo3|11.93|2014-12-26 23:40:36
lux|444.0|2014-12-26 23:49:53
thermo1|12.56|2014-12-26 23:50:11
thermo2|16.37|2014-12-26 23:50:22
thermo3|11.62|2014-12-26 23:50:37
lux|360.0|2014-12-26 23:59:53
thermo1|12.56|2014-12-27 00:00:11
thermo2|14.68|2014-12-27 00:00:23
thermo3|11.12|2014-12-27 00:00:38
lux|338.0|2014-12-27 00:09:53
thermo1|12.56|2014-12-27 00:10:12
thermo2|12.81|2014-12-27 00:10:23
thermo3|11.12|2014-12-27 00:10:38
lux|316.0|2014-12-27 00:19:54
thermo1|12.62|2014-12-27 00:20:12
thermo2|11.68|2014-12-27 00:20:23
thermo3|10.25|2014-12-27 00:20:38
lux|278.0|2014-12-27 00:29:54
thermo1|12.56|2014-12-27 00:30:13
thermo2|10.75|2014-12-27 00:30:24
thermo3|9.43|2014-12-27 00:30:38
lux|240.0|2014-12-27 00:39:55
thermo1|12.56|2014-12-27 00:40:13
thermo2|9.31|2014-12-27 00:40:24
thermo3|8.25|2014-12-27 00:40:39
lux|193.0|2014-12-27 00:49:55
thermo1|12.56|2014-12-27 00:50:13
thermo2|8.43|2014-12-27 00:50:25
thermo3|8.12|2014-12-27 00:50:39
lux|134.0|2014-12-27 00:59:55
thermo1|12.5|2014-12-27 01:00:13
thermo2|7.93|2014-12-27 01:00:25
thermo3|7.56|2014-12-27 01:00:40
lux|70.0|2014-12-27 01:09:55
thermo1|12.5|2014-12-27 01:10:14
thermo2|7.5|2014-12-27 01:10:25
thermo3|7.25|2014-12-27 01:10:40
lux|17.0|2014-12-27 01:19:56
thermo1|12.43|2014-12-27 01:20:14
thermo2|7.62|2014-12-27 01:20:26
thermo3|7.5|2014-12-27 01:20:41
lux|4.0|2014-12-27 01:29:56
thermo1|12.37|2014-12-27 01:30:14
thermo2|7.75|2014-12-27 01:30:26
thermo3|8.06|2014-12-27 01:30:41
lux|0.0|2014-12-27 01:39:56
thermo1|12.37|2014-12-27 01:40:14
thermo2|7.87|2014-12-27 01:40:27
thermo3|8.31|2014-12-27 01:40:42
lux|0.0|2014-12-27 01:49:57
thermo1|12.31|2014-12-27 01:50:15
thermo2|7.93|2014-12-27 01:50:28
thermo3|8.37|2014-12-27 01:50:42
lux|0.0|2014-12-27 01:59:57
thermo1|12.25|2014-12-27 02:00:15
thermo2|7.25|2014-12-27 02:00:28
thermo3|7.06|2014-12-27 02:00:42
lux|0.0|2014-12-27 02:09:57
thermo1|12.25|2014-12-27 02:10:15
thermo2|6.56|2014-12-27 02:10:29
thermo3|6.06|2014-12-27 02:10:43
lux|0.0|2014-12-27 02:19:58
thermo1|12.18|2014-12-27 02:20:16
thermo2|6.18|2014-12-27 02:20:29
thermo3|5.5|2014-12-27 02:20:44
lux|0.0|2014-12-27 02:29:58
thermo1|12.12|2014-12-27 02:30:16
thermo2|6.0|2014-12-27 02:30:29
thermo3|4.87|2014-12-27 02:30:44
lux|0.0|2014-12-27 02:39:58
thermo1|12.06|2014-12-27 02:40:17
thermo2|5.93|2014-12-27 02:40:29
thermo3|4.68|2014-12-27 02:40:44
lux|0.0|2014-12-27 02:49:59
thermo1|12.0|2014-12-27 02:50:18
thermo2|5.93|2014-12-27 02:50:29
thermo3|5.18|2014-12-27 02:50:44
lux|0.0|2014-12-27 02:59:59
thermo1|12.0|2014-12-27 03:00:18
thermo2|5.87|2014-12-27 03:00:30
thermo3|5.0|2014-12-27 03:00:45
lux|0.0|2014-12-27 03:10:00
thermo1|11.93|2014-12-27 03:10:18
thermo2|6.31|2014-12-27 03:10:30
thermo3|6.06|2014-12-27 03:10:45
lux|0.0|2014-12-27 03:20:00
thermo1|11.87|2014-12-27 03:20:18
thermo2|5.68|2014-12-27 03:20:30
thermo3|4.37|2014-12-27 03:20:45
lux|0.0|2014-12-27 03:30:01
thermo1|11.81|2014-12-27 03:30:18
thermo2|5.43|2014-12-27 03:30:31
thermo3|3.87|2014-12-27 03:30:46
lux|0.0|2014-12-27 03:40:02
thermo1|11.75|2014-12-27 03:40:19
thermo2|5.12|2014-12-27 03:40:31
thermo3|3.56|2014-12-27 03:40:46
lux|0.0|2014-12-27 03:50:02
thermo1|11.68|2014-12-27 03:50:19
thermo2|5.0|2014-12-27 03:50:31
thermo3|4.12|2014-12-27 03:50:46
lux|0.0|2014-12-27 04:00:03
thermo1|11.62|2014-12-27 04:00:19
thermo2|5.12|2014-12-27 04:00:31
thermo3|4.68|2014-12-27 04:00:47
lux|0.0|2014-12-27 04:10:03
thermo1|11.56|2014-12-27 04:10:19
thermo2|5.37|2014-12-27 04:10:32
thermo3|5.25|2014-12-27 04:10:48
lux|0.0|2014-12-27 04:20:03
thermo1|11.5|2014-12-27 04:20:20
thermo2|5.31|2014-12-27 04:20:32
thermo3|4.81|2014-12-27 04:20:48
lux|0.0|2014-12-27 04:30:04
thermo1|11.43|2014-12-27 04:30:20
thermo2|5.25|2014-12-27 04:30:33
thermo3|4.12|2014-12-27 04:30:48
lux|0.0|2014-12-27 04:40:04
thermo1|11.37|2014-12-27 04:40:21
thermo2|4.81|2014-12-27 04:40:33
thermo3|3.37|2014-12-27 04:40:48
lux|0.0|2014-12-27 04:50:05
thermo1|11.25|2014-12-27 04:50:21
thermo2|4.5|2014-12-27 04:50:33
thermo3|3.18|2014-12-27 04:50:48
lux|2.0|2014-12-27 05:00:06
thermo1|11.18|2014-12-27 05:00:22
thermo2|4.37|2014-12-27 05:00:34
thermo3|2.81|2014-12-27 05:00:49
lux|0.0|2014-12-27 05:10:06
thermo1|11.12|2014-12-27 05:10:22
thermo2|4.18|2014-12-27 05:10:34
thermo3|2.87|2014-12-27 05:10:49
lux|0.0|2014-12-27 05:20:06
thermo1|11.06|2014-12-27 05:20:22
thermo2|4.0|2014-12-27 05:20:34
thermo3|2.0|2014-12-27 05:20:50
lux|0.0|2014-12-27 05:30:06
thermo1|10.93|2014-12-27 05:30:23
thermo2|4.06|2014-12-27 05:30:35
thermo3|2.12|2014-12-27 05:30:50
lux|0.0|2014-12-27 05:40:07
thermo1|10.87|2014-12-27 05:40:23
thermo2|3.93|2014-12-27 05:40:36
thermo3|1.75|2014-12-27 05:40:50
lux|0.0|2014-12-27 05:50:08
thermo1|10.81|2014-12-27 05:50:23
thermo2|3.75|2014-12-27 05:50:36
thermo3|1.62|2014-12-27 05:50:50
lux|0.0|2014-12-27 06:00:09
thermo1|10.68|2014-12-27 06:00:24
thermo2|3.68|2014-12-27 06:00:37
thermo3|1.87|2014-12-27 06:00:51
lux|0.0|2014-12-27 06:10:09
thermo1|10.62|2014-12-27 06:10:24
thermo2|3.5|2014-12-27 06:10:37
thermo3|1.62|2014-12-27 06:10:51
lux|6.0|2014-12-27 06:20:09
thermo1|10.56|2014-12-27 06:20:24
thermo2|3.31|2014-12-27 06:20:37
thermo3|0.93|2014-12-27 06:20:51
lux|0.0|2014-12-27 06:30:10
thermo1|10.5|2014-12-27 06:30:24
thermo2|3.06|2014-12-27 06:30:38
thermo3|0.81|2014-12-27 06:30:52
lux|0.0|2014-12-27 06:40:10
thermo1|10.37|2014-12-27 06:40:24
thermo2|2.93|2014-12-27 06:40:38
thermo3|0.68|2014-12-27 06:40:53
lux|0.0|2014-12-27 06:50:10
thermo1|10.31|2014-12-27 06:50:25
thermo2|2.87|2014-12-27 06:50:39
thermo3|0.5|2014-12-27 06:50:53
lux|0.0|2014-12-27 07:00:11
thermo1|10.25|2014-12-27 07:00:25
thermo2|2.75|2014-12-27 07:00:39
thermo3|0.18|2014-12-27 07:00:53
lux|0.0|2014-12-27 07:10:11
thermo1|10.18|2014-12-27 07:10:26
thermo2|2.62|2014-12-27 07:10:39
thermo3|0.25|2014-12-27 07:10:54
lux|0.0|2014-12-27 07:20:12
thermo1|10.06|2014-12-27 07:20:26
thermo2|2.56|2014-12-27 07:20:40
thermo3|0.56|2014-12-27 07:20:54
lux|0.0|2014-12-27 07:30:12
thermo1|10.0|2014-12-27 07:30:26
thermo2|2.62|2014-12-27 07:30:40
thermo3|1.31|2014-12-27 07:30:54
lux|0.0|2014-12-27 07:40:12
thermo1|9.93|2014-12-27 07:40:26
thermo2|2.56|2014-12-27 07:40:40
thermo3|0.37|2014-12-27 07:40:54
lux|3.0|2014-12-27 07:50:13
thermo1|9.81|2014-12-27 07:50:27
thermo2|2.31|2014-12-27 07:50:41
thermo3|0.12|2014-12-27 07:50:55
lux|4.0|2014-12-27 08:00:13
thermo1|9.75|2014-12-27 08:00:28
thermo2|2.12|2014-12-27 08:00:42
thermo3|-0.18|2014-12-27 08:00:56
lux|0.0|2014-12-27 08:10:13
thermo1|9.68|2014-12-27 08:10:28
thermo2|2.06|2014-12-27 08:10:42
thermo3|-0.31|2014-12-27 08:10:56
lux|0.0|2014-12-27 08:20:13
thermo1|9.56|2014-12-27 08:20:29
thermo2|2.06|2014-12-27 08:20:42
thermo3|-0.43|2014-12-27 08:20:56
lux|0.0|2014-12-27 08:30:13
thermo1|9.5|2014-12-27 08:30:29
thermo2|1.93|2014-12-27 08:30:43
thermo3|-0.62|2014-12-27 08:30:56
lux|0.0|2014-12-27 08:40:14
thermo1|9.43|2014-12-27 08:40:29
thermo2|1.81|2014-12-27 08:40:43
thermo3|-0.43|2014-12-27 08:40:57
lux|0.0|2014-12-27 08:50:14
thermo1|9.37|2014-12-27 08:50:29
thermo2|1.75|2014-12-27 08:50:44
thermo3|-0.56|2014-12-27 08:50:57
lux|0.0|2014-12-27 09:00:15
thermo1|9.31|2014-12-27 09:00:29
thermo2|1.62|2014-12-27 09:00:44
thermo3|-0.75|2014-12-27 09:00:57
lux|0.0|2014-12-27 09:10:15
thermo1|9.18|2014-12-27 09:10:30
thermo2|1.62|2014-12-27 09:10:45
thermo3|-0.87|2014-12-27 09:10:57
lux|0.0|2014-12-27 09:20:15
thermo1|9.12|2014-12-27 09:20:31
thermo2|1.56|2014-12-27 09:20:45
thermo3|-0.93|2014-12-27 09:20:58
lux|0.0|2014-12-27 09:30:15
thermo1|9.06|2014-12-27 09:30:31
thermo2|1.5|2014-12-27 09:30:45
thermo3|-1.06|2014-12-27 09:30:59
lux|0.0|2014-12-27 09:40:16
thermo1|9.0|2014-12-27 09:40:31
thermo2|1.5|2014-12-27 09:40:46
thermo3|-1.0|2014-12-27 09:40:59
lux|0.0|2014-12-27 09:50:16
thermo1|8.93|2014-12-27 09:50:32
thermo2|1.5|2014-12-27 09:50:47
thermo3|-0.68|2014-12-27 09:50:59
lux|0.0|2014-12-27 10:00:16
thermo1|8.87|2014-12-27 10:00:32
thermo2|1.68|2014-12-27 10:00:47
thermo3|-0.37|2014-12-27 10:01:00
lux|0.0|2014-12-27 10:10:16
thermo1|8.75|2014-12-27 10:10:33
thermo2|1.68|2014-12-27 10:10:47
thermo3|-0.37|2014-12-27 10:11:00
lux|0.0|2014-12-27 10:20:16
thermo1|8.68|2014-12-27 10:20:33
thermo2|1.56|2014-12-27 10:20:48
thermo3|-0.87|2014-12-27 10:21:00
lux|0.0|2014-12-27 10:30:17
thermo1|8.62|2014-12-27 10:30:33
thermo2|1.37|2014-12-27 10:30:48
thermo3|-1.18|2014-12-27 10:31:01
lux|0.0|2014-12-27 10:40:17
thermo1|8.56|2014-12-27 10:40:34
thermo2|1.37|2014-12-27 10:40:49
thermo3|-1.06|2014-12-27 10:41:01
lux|0.0|2014-12-27 10:50:18
thermo1|8.5|2014-12-27 10:50:34
thermo2|1.37|2014-12-27 10:50:50
thermo3|-0.75|2014-12-27 10:51:02
lux|0.0|2014-12-27 11:00:18
thermo1|8.43|2014-12-27 11:00:35
thermo2|1.37|2014-12-27 11:00:50
thermo3|-0.68|2014-12-27 11:01:03
lux|0.0|2014-12-27 11:10:18
thermo1|8.37|2014-12-27 11:10:35
thermo2|1.25|2014-12-27 11:10:51
thermo3|-0.62|2014-12-27 11:11:03
lux|0.0|2014-12-27 11:20:19
thermo1|8.31|2014-12-27 11:20:35
thermo2|1.25|2014-12-27 11:20:51
thermo3|-0.68|2014-12-27 11:21:04
lux|8.0|2014-12-27 11:30:20
thermo1|8.25|2014-12-27 11:30:36
thermo2|1.06|2014-12-27 11:30:52
thermo3|-0.93|2014-12-27 11:31:04
lux|0.0|2014-12-27 11:40:20
thermo1|8.18|2014-12-27 11:40:36
thermo2|0.87|2014-12-27 11:40:52
thermo3|-1.18|2014-12-27 11:41:04
lux|0.0|2014-12-27 11:50:20
thermo1|8.06|2014-12-27 11:50:36
thermo2|0.81|2014-12-27 11:50:53
thermo3|-1.43|2014-12-27 11:51:04
lux|0.0|2014-12-27 12:00:21
thermo1|8.0|2014-12-27 12:00:37
thermo2|0.68|2014-12-27 12:00:53
thermo3|-1.43|2014-12-27 12:01:05
lux|0.0|2014-12-27 12:10:22
thermo1|7.93|2014-12-27 12:10:37
thermo2|0.56|2014-12-27 12:10:53
thermo3|-1.87|2014-12-27 12:11:05
lux|2.0|2014-12-27 12:20:23
thermo1|7.87|2014-12-27 12:20:37
thermo2|0.5|2014-12-27 12:20:54
thermo3|-1.75|2014-12-27 12:21:05
lux|5.0|2014-12-27 12:30:23
thermo1|7.81|2014-12-27 12:30:38
thermo2|0.56|2014-12-27 12:30:55
thermo3|-1.93|2014-12-27 12:31:05
lux|0.0|2014-12-27 12:40:23
thermo1|7.75|2014-12-27 12:40:38
thermo2|0.56|2014-12-27 12:40:55
thermo3|-2.0|2014-12-27 12:41:06
lux|0.0|2014-12-27 12:50:23
thermo1|7.68|2014-12-27 12:50:38
thermo2|0.56|2014-12-27 12:50:56
thermo3|-1.93|2014-12-27 12:51:06
lux|9.0|2014-12-27 13:00:24
thermo1|7.62|2014-12-27 13:00:39
thermo2|0.56|2014-12-27 13:00:56
thermo3|-1.75|2014-12-27 13:01:07
lux|0.0|2014-12-27 13:10:25
thermo1|7.56|2014-12-27 13:10:39
thermo2|0.37|2014-12-27 13:10:56
thermo3|-1.93|2014-12-27 13:11:07
lux|8.0|2014-12-27 13:20:25
thermo1|7.5|2014-12-27 13:20:39
thermo2|0.43|2014-12-27 13:20:56
thermo3|-1.93|2014-12-27 13:21:07
lux|0.0|2014-12-27 13:30:26
thermo1|7.37|2014-12-27 13:30:39
thermo2|0.37|2014-12-27 13:30:57
thermo3|-1.62|2014-12-27 13:31:07
lux|0.0|2014-12-27 13:40:26
thermo1|7.37|2014-12-27 13:40:40
thermo2|0.43|2014-12-27 13:40:57
thermo3|-1.93|2014-12-27 13:41:08
lux|0.0|2014-12-27 13:50:26
thermo1|7.31|2014-12-27 13:50:41
thermo2|0.56|2014-12-27 13:50:57
thermo3|-1.81|2014-12-27 13:51:08
lux|7.0|2014-12-27 14:00:27
thermo1|7.25|2014-12-27 14:00:41
thermo2|0.56|2014-12-27 14:00:58
thermo3|-1.81|2014-12-27 14:01:08
lux|5.0|2014-12-27 14:10:27
thermo1|7.18|2014-12-27 14:10:42
thermo2|0.5|2014-12-27 14:10:58
thermo3|-2.0|2014-12-27 14:11:09
lux|0.0|2014-12-27 14:20:27
thermo1|7.12|2014-12-27 14:20:42
thermo2|0.56|2014-12-27 14:20:59
thermo3|-1.93|2014-12-27 14:21:09
lux|0.0|2014-12-27 14:30:28
thermo1|7.06|2014-12-27 14:30:43
thermo2|0.31|2014-12-27 14:30:59
thermo3|-2.12|2014-12-27 14:31:09
lux|0.0|2014-12-27 14:40:28
thermo1|7.0|2014-12-27 14:40:43
thermo2|0.18|2014-12-27 14:41:00
thermo3|-2.12|2014-12-27 14:41:10
lux|0.0|2014-12-27 14:50:28
thermo1|6.93|2014-12-27 14:50:43
thermo2|0.06|2014-12-27 14:51:00
thermo3|-2.43|2014-12-27 14:51:10
lux|0.0|2014-12-27 15:00:29
thermo1|6.87|2014-12-27 15:00:44
thermo2|0.0|2014-12-27 15:01:00
thermo3|-2.06|2014-12-27 15:01:10
lux|18.0|2014-12-27 15:10:29
thermo1|6.81|2014-12-27 15:10:45
thermo2|0.0|2014-12-27 15:11:01
thermo3|-2.31|2014-12-27 15:11:11
lux|26.0|2014-12-27 15:20:29
thermo1|6.75|2014-12-27 15:20:46
thermo2|-0.18|2014-12-27 15:21:02
thermo3|-2.5|2014-12-27 15:21:12
lux|68.0|2014-12-27 15:30:30
thermo1|6.68|2014-12-27 15:30:46
thermo2|-0.18|2014-12-27 15:31:02
thermo3|-2.25|2014-12-27 15:31:12
lux|117.0|2014-12-27 15:40:30
thermo1|6.62|2014-12-27 15:40:46
thermo2|-0.06|2014-12-27 15:41:02
thermo3|-2.06|2014-12-27 15:41:12
lux|180.0|2014-12-27 15:50:31
thermo1|6.56|2014-12-27 15:50:46
thermo2|0.0|2014-12-27 15:51:03
thermo3|-2.31|2014-12-27 15:51:13
lux|222.0|2014-12-27 16:00:32
thermo1|6.5|2014-12-27 16:00:46
thermo2|0.12|2014-12-27 16:01:03
thermo3|-1.87|2014-12-27 16:01:13
lux|244.0|2014-12-27 16:10:32
thermo1|6.43|2014-12-27 16:10:47
thermo2|0.31|2014-12-27 16:11:03
thermo3|-1.87|2014-12-27 16:11:14
lux|287.0|2014-12-27 16:20:32
thermo1|6.43|2014-12-27 16:20:47
thermo2|0.37|2014-12-27 16:21:03
thermo3|-1.75|2014-12-27 16:21:14
lux|303.0|2014-12-27 16:30:32
thermo1|6.31|2014-12-27 16:30:47
thermo2|0.75|2014-12-27 16:31:04
thermo3|-1.31|2014-12-27 16:31:15
lux|320.0|2014-12-27 16:40:32
thermo1|6.31|2014-12-27 16:40:47
thermo2|1.31|2014-12-27 16:41:04
thermo3|-0.56|2014-12-27 16:41:15
lux|352.0|2014-12-27 16:50:32
thermo1|6.25|2014-12-27 16:50:48
thermo2|2.06|2014-12-27 16:51:05
thermo3|0.12|2014-12-27 16:51:16
lux|361.0|2014-12-27 17:00:33
thermo1|6.25|2014-12-27 17:00:48
thermo2|2.68|2014-12-27 17:01:06
thermo3|0.87|2014-12-27 17:01:16
lux|337.0|2014-12-27 17:10:33
thermo1|6.18|2014-12-27 17:10:49
thermo2|2.87|2014-12-27 17:11:07
thermo3|1.06|2014-12-27 17:11:16
lux|357.0|2014-12-27 17:20:33
thermo1|6.18|2014-12-27 17:20:49
thermo2|3.25|2014-12-27 17:21:07
thermo3|1.68|2014-12-27 17:21:17
lux|374.0|2014-12-27 17:30:34
thermo1|6.18|2014-12-27 17:30:50
thermo2|3.81|2014-12-27 17:31:07
thermo3|2.5|2014-12-27 17:31:17
lux|381.0|2014-12-27 17:40:34
thermo1|6.18|2014-12-27 17:40:50
thermo2|4.18|2014-12-27 17:41:08
thermo3|3.18|2014-12-27 17:41:17
lux|403.0|2014-12-27 17:50:34
thermo1|6.12|2014-12-27 17:50:50
thermo2|4.68|2014-12-27 17:51:08
thermo3|4.25|2014-12-27 17:51:18
lux|412.0|2014-12-27 18:00:35
thermo1|6.12|2014-12-27 18:00:50
thermo2|5.18|2014-12-27 18:01:09
thermo3|4.75|2014-12-27 18:01:19
lux|386.0|2014-12-27 18:10:35
thermo1|6.12|2014-12-27 18:10:51
thermo2|5.25|2014-12-27 18:11:09
thermo3|5.87|2014-12-27 18:11:19
lux|413.0|2014-12-27 18:20:36
thermo1|6.18|2014-12-27 18:20:51
thermo2|5.68|2014-12-27 18:21:09
thermo3|6.31|2014-12-27 18:21:19
lux|424.0|2014-12-27 18:30:36
thermo1|6.18|2014-12-27 18:30:52
thermo2|6.06|2014-12-27 18:31:10
thermo3|6.37|2014-12-27 18:31:19
lux|393.0|2014-12-27 18:40:36
thermo1|6.18|2014-12-27 18:40:52
thermo2|6.56|2014-12-27 18:41:10
thermo3|6.68|2014-12-27 18:41:19
lux|392.0|2014-12-27 18:50:36
thermo1|6.18|2014-12-27 18:50:53
thermo2|7.12|2014-12-27 18:51:11
thermo3|7.43|2014-12-27 18:51:19
lux|484.0|2014-12-27 19:00:37
thermo1|6.18|2014-12-27 19:00:53
thermo2|8.87|2014-12-27 19:01:11
thermo3|10.12|2014-12-27 19:01:19
lux|528.0|2014-12-27 19:10:37
thermo1|6.25|2014-12-27 19:10:53
thermo2|12.12|2014-12-27 19:11:11
thermo3|8.43|2014-12-27 19:11:20
lux|479.0|2014-12-27 19:20:37
thermo1|6.25|2014-12-27 19:20:53
thermo2|9.12|2014-12-27 19:21:12
thermo3|8.81|2014-12-27 19:21:21
lux|440.0|2014-12-27 19:30:37
thermo1|6.25|2014-12-27 19:30:53
thermo2|9.06|2014-12-27 19:31:12
thermo3|8.81|2014-12-27 19:31:21
lux|519.0|2014-12-27 19:40:38
thermo1|6.31|2014-12-27 19:40:54
thermo2|9.06|2014-12-27 19:41:12
thermo3|8.75|2014-12-27 19:41:21
lux|530.0|2014-12-27 19:50:38
thermo1|6.31|2014-12-27 19:50:54
thermo2|9.93|2014-12-27 19:51:13
thermo3|8.68|2014-12-27 19:51:22
lux|519.0|2014-12-27 20:00:38
thermo1|6.37|2014-12-27 20:00:54
thermo2|9.31|2014-12-27 20:01:13
thermo3|8.93|2014-12-27 20:01:22
lux|753.0|2014-12-27 20:10:39
thermo1|6.43|2014-12-27 20:10:55
thermo2|9.5|2014-12-27 20:11:14
thermo3|9.12|2014-12-27 20:11:22
lux|695.0|2014-12-27 20:20:39
thermo1|6.5|2014-12-27 20:20:55
thermo2|9.75|2014-12-27 20:21:14
thermo3|10.56|2014-12-27 20:21:23
lux|500.0|2014-12-27 20:30:40
thermo1|6.5|2014-12-27 20:30:55
thermo2|10.18|2014-12-27 20:31:14
thermo3|14.25|2014-12-27 20:31:23
lux|648.0|2014-12-27 20:40:41
thermo1|6.62|2014-12-27 20:40:56
thermo2|13.43|2014-12-27 20:41:15
thermo3|12.18|2014-12-27 20:41:24
lux|727.0|2014-12-27 20:50:41
thermo1|6.68|2014-12-27 20:50:56
thermo2|13.31|2014-12-27 20:51:15
thermo3|13.25|2014-12-27 20:51:24
lux|699.0|2014-12-27 21:00:42
thermo1|6.81|2014-12-27 21:00:57
thermo2|13.31|2014-12-27 21:01:15
thermo3|14.12|2014-12-27 21:01:24
lux|797.0|2014-12-27 21:10:42
thermo1|6.93|2014-12-27 21:10:57
thermo2|13.37|2014-12-27 21:11:15
thermo3|15.56|2014-12-27 21:11:24
lux|860.0|2014-12-27 21:20:42
thermo1|7.06|2014-12-27 21:20:57
thermo2|14.87|2014-12-27 21:21:16
thermo3|21.56|2014-12-27 21:21:25
lux|778.0|2014-12-27 21:30:43
thermo1|7.31|2014-12-27 21:30:58
thermo2|17.25|2014-12-27 21:31:16
thermo3|17.25|2014-12-27 21:31:25
lux|830.0|2014-12-27 21:40:44
thermo1|7.5|2014-12-27 21:40:59
thermo2|18.18|2014-12-27 21:41:17
thermo3|20.37|2014-12-27 21:41:26
lux|764.0|2014-12-27 21:50:44
thermo1|7.75|2014-12-27 21:51:00
thermo2|19.06|2014-12-27 21:51:17
thermo3|20.43|2014-12-27 21:51:26
lux|796.0|2014-12-27 22:00:44
thermo1|8.0|2014-12-27 22:01:00
thermo2|19.5|2014-12-27 22:01:18
thermo3|21.87|2014-12-27 22:01:26
lux|736.0|2014-12-27 22:10:45
thermo1|8.25|2014-12-27 22:11:00
thermo2|18.0|2014-12-27 22:11:18
thermo3|18.06|2014-12-27 22:11:27
lux|655.0|2014-12-27 22:20:46
thermo1|8.43|2014-12-27 22:21:00
thermo2|16.12|2014-12-27 22:21:18
thermo3|15.68|2014-12-27 22:21:27
lux|662.0|2014-12-27 22:30:46
thermo1|8.56|2014-12-27 22:31:01
thermo2|14.62|2014-12-27 22:31:19
thermo3|14.68|2014-12-27 22:31:27
lux|817.0|2014-12-27 22:40:47
thermo1|8.68|2014-12-27 22:41:01
thermo2|16.12|2014-12-27 22:41:20
thermo3|17.0|2014-12-27 22:41:28
lux|786.0|2014-12-27 22:50:47
thermo1|8.87|2014-12-27 22:51:01
thermo2|16.87|2014-12-27 22:51:20
thermo3|18.12|2014-12-27 22:51:28
lux|731.0|2014-12-27 23:00:48
thermo1|9.06|2014-12-27 23:01:02
thermo2|16.18|2014-12-27 23:01:21
thermo3|14.56|2014-12-27 23:01:28
lux|830.0|2014-12-27 23:10:48
thermo1|9.25|2014-12-27 23:11:03
thermo2|16.06|2014-12-27 23:11:21
thermo3|19.75|2014-12-27 23:11:29
lux|848.0|2014-12-27 23:20:49
thermo1|9.43|2014-12-27 23:21:03
thermo2|16.93|2014-12-27 23:21:21
thermo3|15.81|2014-12-27 23:21:29
lux|834.0|2014-12-27 23:30:49
thermo1|9.62|2014-12-27 23:31:04
thermo2|16.31|2014-12-27 23:31:22
thermo3|11.68|2014-12-27 23:31:29
lux|815.0|2014-12-27 23:40:50
thermo1|9.75|2014-12-27 23:41:04
thermo2|14.25|2014-12-27 23:41:22
thermo3|10.68|2014-12-27 23:41:29
lux|707.0|2014-12-27 23:50:50
thermo1|9.81|2014-12-27 23:51:05
thermo2|13.56|2014-12-27 23:51:22
thermo3|10.56|2014-12-27 23:51:30
lux|703.0|2014-12-28 00:00:50
thermo1|9.75|2014-12-28 00:01:06
thermo2|10.93|2014-12-28 00:01:23
thermo3|9.81|2014-12-28 00:01:30
lux|709.0|2014-12-28 00:10:51
thermo1|9.81|2014-12-28 00:11:07
thermo2|10.18|2014-12-28 00:11:23
thermo3|9.68|2014-12-28 00:11:30
lux|718.0|2014-12-28 00:20:51
thermo1|9.81|2014-12-28 00:21:07
thermo2|10.43|2014-12-28 00:21:24
thermo3|10.0|2014-12-28 00:21:32
lux|701.0|2014-12-28 00:30:52
thermo1|9.87|2014-12-28 00:31:08
thermo2|10.62|2014-12-28 00:31:25
thermo3|10.06|2014-12-28 00:31:32
lux|642.0|2014-12-28 00:40:52
thermo1|9.87|2014-12-28 00:41:08
thermo2|9.81|2014-12-28 00:41:25
thermo3|9.37|2014-12-28 00:41:32
lux|526.0|2014-12-28 00:50:52
thermo1|9.87|2014-12-28 00:51:09
thermo2|9.0|2014-12-28 00:51:25
thermo3|8.37|2014-12-28 00:51:32
lux|370.0|2014-12-28 01:00:52
thermo1|9.81|2014-12-28 01:01:10
thermo2|7.87|2014-12-28 01:01:25
thermo3|7.12|2014-12-28 01:01:32
lux|198.0|2014-12-28 01:10:53
thermo1|9.81|2014-12-28 01:11:11
thermo2|7.0|2014-12-28 01:11:26
thermo3|5.75|2014-12-28 01:11:33
lux|81.0|2014-12-28 01:20:53
thermo1|9.81|2014-12-28 01:21:11
thermo2|6.31|2014-12-28 01:21:26
thermo3|4.68|2014-12-28 01:21:33
lux|15.0|2014-12-28 01:30:53
thermo1|9.81|2014-12-28 01:31:12
thermo2|5.87|2014-12-28 01:31:27
thermo3|4.12|2014-12-28 01:31:34
lux|2.0|2014-12-28 01:40:53
thermo1|9.75|2014-12-28 01:41:12
thermo2|5.5|2014-12-28 01:41:27
thermo3|3.56|2014-12-28 01:41:34
lux|0.0|2014-12-28 01:50:53
thermo1|9.68|2014-12-28 01:51:12
thermo2|5.12|2014-12-28 01:51:28
thermo3|3.06|2014-12-28 01:51:35
lux|0.0|2014-12-28 02:00:54
thermo1|9.68|2014-12-28 02:01:13
thermo2|4.93|2014-12-28 02:01:28
thermo3|3.25|2014-12-28 02:01:36
lux|0.0|2014-12-28 02:10:54
thermo1|9.62|2014-12-28 02:11:13
thermo2|4.75|2014-12-28 02:11:29
thermo3|2.68|2014-12-28 02:11:36
lux|0.0|2014-12-28 02:20:54
thermo1|9.62|2014-12-28 02:21:14
thermo2|4.56|2014-12-28 02:21:29
thermo3|2.56|2014-12-28 02:21:36
lux|0.0|2014-12-28 02:30:54
thermo1|9.56|2014-12-28 02:31:15
thermo2|4.5|2014-12-28 02:31:30
thermo3|2.56|2014-12-28 02:31:37
lux|2.0|2014-12-28 02:40:54
thermo1|9.56|2014-12-28 02:41:16
thermo2|4.5|2014-12-28 02:41:30
thermo3|3.06|2014-12-28 02:41:37
lux|1.0|2014-12-28 02:50:55
thermo1|9.5|2014-12-28 02:51:16
thermo2|4.5|2014-12-28 02:51:31
thermo3|2.37|2014-12-28 02:51:37
lux|0.0|2014-12-28 03:00:55
thermo1|9.43|2014-12-28 03:01:16
thermo2|4.37|2014-12-28 03:01:32
thermo3|2.37|2014-12-28 03:01:38
lux|0.0|2014-12-28 03:10:56
thermo1|9.43|2014-12-28 03:11:17
thermo2|4.25|2014-12-28 03:11:32
thermo3|2.62|2014-12-28 03:11:38
lux|0.0|2014-12-28 03:20:57
thermo1|9.37|2014-12-28 03:21:17
thermo2|4.12|2014-12-28 03:21:32
thermo3|1.93|2014-12-28 03:21:38
lux|0.0|2014-12-28 03:30:57
thermo1|9.31|2014-12-28 03:31:17
thermo2|3.93|2014-12-28 03:31:33
thermo3|1.62|2014-12-28 03:31:39
lux|4.0|2014-12-28 03:40:57
thermo1|9.25|2014-12-28 03:41:17
thermo2|3.81|2014-12-28 03:41:33
thermo3|1.87|2014-12-28 03:41:39
lux|4.0|2014-12-28 03:50:58
thermo1|9.25|2014-12-28 03:51:18
thermo2|3.68|2014-12-28 03:51:33
thermo3|1.37|2014-12-28 03:51:39
lux|0.0|2014-12-28 04:00:58
thermo1|9.18|2014-12-28 04:01:19
thermo2|3.56|2014-12-28 04:01:33
thermo3|1.5|2014-12-28 04:01:40
lux|4.0|2014-12-28 04:10:58
thermo1|9.18|2014-12-28 04:11:19
thermo2|3.5|2014-12-28 04:11:34
thermo3|1.25|2014-12-28 04:11:40
lux|0.0|2014-12-28 04:20:59
thermo1|9.06|2014-12-28 04:21:19
thermo2|3.5|2014-12-28 04:21:35
thermo3|1.12|2014-12-28 04:21:41
lux|4.0|2014-12-28 04:30:59
thermo1|9.06|2014-12-28 04:31:20
thermo2|3.37|2014-12-28 04:31:35
thermo3|1.06|2014-12-28 04:31:41
lux|0.0|2014-12-28 04:41:00
thermo1|9.0|2014-12-28 04:41:20
thermo2|3.25|2014-12-28 04:41:35
thermo3|0.81|2014-12-28 04:41:41
lux|0.0|2014-12-28 04:51:01
thermo1|8.93|2014-12-28 04:51:21
thermo2|3.31|2014-12-28 04:51:35
thermo3|1.12|2014-12-28 04:51:42
lux|0.0|2014-12-28 05:01:01
thermo1|8.87|2014-12-28 05:01:21
thermo2|3.18|2014-12-28 05:01:36
thermo3|0.87|2014-12-28 05:01:42
lux|0.0|2014-12-28 05:11:01
thermo1|8.81|2014-12-28 05:11:21
thermo2|3.12|2014-12-28 05:11:36
thermo3|0.87|2014-12-28 05:11:42
lux|0.0|2014-12-28 05:21:02
thermo1|8.75|2014-12-28 05:21:21
thermo2|3.06|2014-12-28 05:21:36
thermo3|0.81|2014-12-28 05:21:43
lux|0.0|2014-12-28 05:31:02
thermo1|8.68|2014-12-28 05:31:22
thermo2|3.25|2014-12-28 05:31:37
thermo3|1.0|2014-12-28 05:31:43
lux|0.0|2014-12-28 05:41:03
thermo1|8.62|2014-12-28 05:41:22
thermo2|3.43|2014-12-28 05:41:37
thermo3|1.68|2014-12-28 05:41:44
lux|0.0|2014-12-28 05:51:03
thermo1|8.56|2014-12-28 05:51:22
thermo2|3.37|2014-12-28 05:51:37
thermo3|1.12|2014-12-28 05:51:44
lux|7.0|2014-12-28 06:01:03
thermo1|8.56|2014-12-28 06:01:22
thermo2|3.25|2014-12-28 06:01:38
thermo3|1.18|2014-12-28 06:01:44
lux|0.0|2014-12-28 06:11:04
thermo1|8.5|2014-12-28 06:11:23
thermo2|3.18|2014-12-28 06:11:38
thermo3|0.87|2014-12-28 06:11:45
lux|0.0|2014-12-28 06:21:04
thermo1|8.43|2014-12-28 06:21:24
thermo2|3.06|2014-12-28 06:21:38
thermo3|0.87|2014-12-28 06:21:45
lux|0.0|2014-12-28 06:31:04
thermo1|8.37|2014-12-28 06:31:24
thermo2|3.12|2014-12-28 06:31:38
thermo3|1.37|2014-12-28 06:31:45
lux|0.0|2014-12-28 06:41:05
thermo1|8.31|2014-12-28 06:41:24
thermo2|3.25|2014-12-28 06:41:38
thermo3|1.37|2014-12-28 06:41:46
lux|0.0|2014-12-28 06:51:05
thermo1|8.25|2014-12-28 06:51:25
thermo2|3.18|2014-12-28 06:51:39
thermo3|1.37|2014-12-28 06:51:46
lux|0.0|2014-12-28 07:01:05
thermo1|8.18|2014-12-28 07:01:25
thermo2|3.06|2014-12-28 07:01:39
thermo3|1.0|2014-12-28 07:01:47
lux|0.0|2014-12-28 07:11:05
thermo1|8.12|2014-12-28 07:11:26
thermo2|3.0|2014-12-28 07:11:39
thermo3|0.75|2014-12-28 07:11:47
lux|1.0|2014-12-28 07:21:06
thermo1|8.06|2014-12-28 07:21:26
thermo2|2.81|2014-12-28 07:21:40
thermo3|0.62|2014-12-28 07:21:48
lux|0.0|2014-12-28 07:31:06
thermo1|8.0|2014-12-28 07:31:27
thermo2|2.68|2014-12-28 07:31:40
thermo3|0.5|2014-12-28 07:31:48
lux|0.0|2014-12-28 07:41:06
thermo1|7.93|2014-12-28 07:41:27
thermo2|2.56|2014-12-28 07:41:40
thermo3|0.56|2014-12-28 07:41:49
lux|0.0|2014-12-28 07:51:07
thermo1|7.93|2014-12-28 07:51:28
thermo2|2.43|2014-12-28 07:51:41
thermo3|0.12|2014-12-28 07:51:49
lux|0.0|2014-12-28 08:01:07
thermo1|7.87|2014-12-28 08:01:28
thermo2|2.5|2014-12-28 08:01:41
thermo3|0.43|2014-12-28 08:01:49
lux|0.0|2014-12-28 08:11:08
thermo1|7.81|2014-12-28 08:11:28
thermo2|2.62|2014-12-28 08:11:42
thermo3|0.37|2014-12-28 08:11:50
lux|0.0|2014-12-28 08:21:08
thermo1|7.75|2014-12-28 08:21:28
thermo2|2.68|2014-12-28 08:21:42
thermo3|0.56|2014-12-28 08:21:50
lux|0.0|2014-12-28 08:31:09
thermo1|7.68|2014-12-28 08:31:29
thermo2|2.81|2014-12-28 08:31:43
thermo3|0.62|2014-12-28 08:31:50
lux|0.0|2014-12-28 08:41:09
thermo1|7.68|2014-12-28 08:41:29
thermo2|3.06|2014-12-28 08:41:43
thermo3|1.12|2014-12-28 08:41:51
lux|0.0|2014-12-28 08:51:09
thermo1|7.62|2014-12-28 08:51:29
thermo2|3.37|2014-12-28 08:51:44
thermo3|1.56|2014-12-28 08:51:51
lux|0.0|2014-12-28 09:01:10
thermo1|7.56|2014-12-28 09:01:30
thermo2|3.56|2014-12-28 09:01:44
thermo3|1.93|2014-12-28 09:01:52
lux|0.0|2014-12-28 09:11:11
thermo1|7.56|2014-12-28 09:11:30
thermo2|3.62|2014-12-28 09:11:44
thermo3|2.12|2014-12-28 09:11:53
lux|3.0|2014-12-28 09:21:11
thermo1|7.5|2014-12-28 09:21:30
thermo2|3.68|2014-12-28 09:21:45
thermo3|2.0|2014-12-28 09:21:53
lux|0.0|2014-12-28 09:31:12
thermo1|7.43|2014-12-28 09:31:31
thermo2|3.62|2014-12-28 09:31:45
thermo3|1.93|2014-12-28 09:31:54
lux|0.0|2014-12-28 09:41:12
thermo1|7.37|2014-12-28 09:41:31
thermo2|3.56|2014-12-28 09:41:46
thermo3|1.75|2014-12-28 09:41:54
lux|3.0|2014-12-28 09:51:12
thermo1|7.37|2014-12-28 09:51:31
thermo2|3.56|2014-12-28 09:51:47
thermo3|1.81|2014-12-28 09:51:54
lux|0.0|2014-12-28 10:01:13
thermo1|7.31|2014-12-28 10:01:32
thermo2|3.68|2014-12-28 10:01:47
thermo3|1.93|2014-12-28 10:01:55
lux|0.0|2014-12-28 10:11:13
thermo1|7.31|2014-12-28 10:11:32
thermo2|3.68|2014-12-28 10:11:48
thermo3|2.12|2014-12-28 10:11:55
lux|6.0|2014-12-28 10:21:13
thermo1|7.25|2014-12-28 10:21:32
thermo2|3.75|2014-12-28 10:21:48
thermo3|2.18|2014-12-28 10:21:55
lux|0.0|2014-12-28 10:31:13
thermo1|7.25|2014-12-28 10:31:33
thermo2|3.75|2014-12-28 10:31:49
thermo3|2.25|2014-12-28 10:31:56
lux|0.0|2014-12-28 10:41:14
thermo1|7.18|2014-12-28 10:41:33
thermo2|3.81|2014-12-28 10:41:49
thermo3|2.31|2014-12-28 10:41:56
lux|0.0|2014-12-28 10:51:14
thermo1|7.18|2014-12-28 10:51:33
thermo2|3.81|2014-12-28 10:51:50
thermo3|2.37|2014-12-28 10:51:56
lux|0.0|2014-12-28 11:01:15
thermo1|7.12|2014-12-28 11:01:33
thermo2|3.62|2014-12-28 11:01:51
thermo3|2.0|2014-12-28 11:01:56
lux|0.0|2014-12-28 11:11:15
thermo1|7.06|2014-12-28 11:11:34
thermo2|3.62|2014-12-28 11:11:51
thermo3|2.06|2014-12-28 11:11:56
lux|1.0|2014-12-28 11:21:15
thermo1|7.06|2014-12-28 11:21:34
thermo2|3.56|2014-12-28 11:21:51
thermo3|1.75|2014-12-28 11:21:57
lux|0.0|2014-12-28 11:31:15
thermo1|7.0|2014-12-28 11:31:35
thermo2|3.25|2014-12-28 11:31:51
thermo3|1.5|2014-12-28 11:31:57
lux|0.0|2014-12-28 11:41:15
thermo1|7.0|2014-12-28 11:41:35
thermo2|3.12|2014-12-28 11:41:52
thermo3|1.25|2014-12-28 11:41:57
lux|0.0|2014-12-28 11:51:16
thermo1|6.93|2014-12-28 11:51:36
thermo2|3.06|2014-12-28 11:51:52
thermo3|1.18|2014-12-28 11:51:58
lux|0.0|2014-12-28 12:01:16
thermo1|6.93|2014-12-28 12:01:36
thermo2|3.25|2014-12-28 12:01:52
thermo3|1.37|2014-12-28 12:01:58
lux|0.0|2014-12-28 12:11:17
thermo1|6.87|2014-12-28 12:11:36
thermo2|3.0|2014-12-28 12:11:53
thermo3|0.93|2014-12-28 12:11:58
lux|0.0|2014-12-28 12:21:17
thermo1|6.87|2014-12-28 12:21:37
thermo2|2.62|2014-12-28 12:21:53
thermo3|0.62|2014-12-28 12:21:59
lux|0.0|2014-12-28 12:31:17
thermo1|6.81|2014-12-28 12:31:38
thermo2|2.31|2014-12-28 12:31:53
thermo3|0.31|2014-12-28 12:32:00
lux|12.0|2014-12-28 12:41:17
thermo1|6.75|2014-12-28 12:41:38
thermo2|2.18|2014-12-28 12:41:53
thermo3|0.0|2014-12-28 12:42:00
lux|6.0|2014-12-28 12:51:18
thermo1|6.75|2014-12-28 12:51:38
thermo2|2.0|2014-12-28 12:51:53
thermo3|0.0|2014-12-28 12:52:01
lux|0.0|2014-12-28 13:01:19
thermo1|6.68|2014-12-28 13:01:39
thermo2|1.81|2014-12-28 13:01:54
thermo3|-0.25|2014-12-28 13:02:01
lux|5.0|2014-12-28 13:11:19
thermo1|6.68|2014-12-28 13:11:39
thermo2|1.75|2014-12-28 13:11:54
thermo3|-0.31|2014-12-28 13:12:02
lux|0.0|2014-12-28 13:21:20
thermo1|6.62|2014-12-28 13:21:39
thermo2|1.93|2014-12-28 13:21:55
thermo3|-0.25|2014-12-28 13:22:02
lux|0.0|2014-12-28 13:31:20
thermo1|6.56|2014-12-28 13:31:39
thermo2|2.31|2014-12-28 13:31:55
thermo3|0.18|2014-12-28 13:32:02
lux|0.0|2014-12-28 13:41:21
thermo1|6.56|2014-12-28 13:41:40
thermo2|2.43|2014-12-28 13:41:55
thermo3|0.56|2014-12-28 13:42:03
lux|0.0|2014-12-28 13:51:22
thermo1|6.5|2014-12-28 13:51:41
thermo2|2.5|2014-12-28 13:51:55
thermo3|0.62|2014-12-28 13:52:03
lux|0.0|2014-12-28 14:01:22
thermo1|6.5|2014-12-28 14:01:41
thermo2|2.37|2014-12-28 14:01:55
thermo3|0.56|2014-12-28 14:02:03
lux|0.0|2014-12-28 14:11:22
thermo1|6.43|2014-12-28 14:11:41
thermo2|2.31|2014-12-28 14:11:55
thermo3|0.43|2014-12-28 14:12:03
lux|0.0|2014-12-28 14:21:22
thermo1|6.43|2014-12-28 14:21:42
thermo2|2.25|2014-12-28 14:21:56
thermo3|0.37|2014-12-28 14:22:04
lux|0.0|2014-12-28 14:31:23
thermo1|6.37|2014-12-28 14:31:42
thermo2|2.18|2014-12-28 14:31:56
thermo3|0.37|2014-12-28 14:32:05
lux|8.0|2014-12-28 14:41:23
thermo1|6.31|2014-12-28 14:41:43
thermo2|2.0|2014-12-28 14:41:56
thermo3|0.18|2014-12-28 14:42:05
lux|10.0|2014-12-28 14:51:23
thermo1|6.31|2014-12-28 14:51:44
thermo2|1.87|2014-12-28 14:51:57
thermo3|-0.12|2014-12-28 14:52:06
lux|3.0|2014-12-28 15:01:23
thermo1|6.25|2014-12-28 15:01:44
thermo2|1.75|2014-12-28 15:01:57
thermo3|-0.18|2014-12-28 15:02:07
lux|28.0|2014-12-28 15:11:24
thermo1|6.25|2014-12-28 15:11:44
thermo2|1.68|2014-12-28 15:11:57
thermo3|-0.37|2014-12-28 15:12:07
lux|92.0|2014-12-28 15:21:24
thermo1|6.18|2014-12-28 15:21:44
thermo2|1.68|2014-12-28 15:21:58
thermo3|-0.5|2014-12-28 15:22:07
lux|212.0|2014-12-28 15:31:24
thermo1|6.18|2014-12-28 15:31:44
thermo2|1.87|2014-12-28 15:31:58
thermo3|0.25|2014-12-28 15:32:08
lux|366.0|2014-12-28 15:41:24
thermo1|6.12|2014-12-28 15:41:45
thermo2|1.87|2014-12-28 15:41:59
thermo3|-0.18|2014-12-28 15:42:09
lux|465.0|2014-12-28 15:51:25
thermo1|6.06|2014-12-28 15:51:46
thermo2|1.87|2014-12-28 15:52:00
thermo3|-0.12|2014-12-28 15:52:09
lux|540.0|2014-12-28 16:01:25
thermo1|6.06|2014-12-28 16:01:46
thermo2|1.87|2014-12-28 16:02:00
thermo3|-0.31|2014-12-28 16:02:09
lux|582.0|2014-12-28 16:11:25
thermo1|6.0|2014-12-28 16:11:47
thermo2|2.0|2014-12-28 16:12:00
thermo3|0.0|2014-12-28 16:12:10
lux|610.0|2014-12-28 16:21:26
thermo1|6.0|2014-12-28 16:21:48
thermo2|2.25|2014-12-28 16:22:01
thermo3|0.25|2014-12-28 16:22:10
lux|630.0|2014-12-28 16:31:26
thermo1|5.93|2014-12-28 16:31:48
thermo2|2.56|2014-12-28 16:32:01
thermo3|0.75|2014-12-28 16:32:11
lux|641.0|2014-12-28 16:41:26
thermo1|5.93|2014-12-28 16:41:49
thermo2|2.93|2014-12-28 16:42:02
thermo3|1.25|2014-12-28 16:42:11
lux|654.0|2014-12-28 16:51:27
thermo1|5.87|2014-12-28 16:51:50
thermo2|3.5|2014-12-28 16:52:02
thermo3|2.0|2014-12-28 16:52:11
lux|663.0|2014-12-28 17:01:27
thermo1|5.87|2014-12-28 17:01:50
thermo2|4.06|2014-12-28 17:02:02
thermo3|2.5|2014-12-28 17:02:12
lux|669.0|2014-12-28 17:11:27
thermo1|5.93|2014-12-28 17:11:51
thermo2|4.43|2014-12-28 17:12:02
thermo3|3.31|2014-12-28 17:12:12
lux|674.0|2014-12-28 17:21:27
thermo1|5.87|2014-12-28 17:21:51
thermo2|4.87|2014-12-28 17:22:02
thermo3|3.87|2014-12-28 17:22:12
lux|672.0|2014-12-28 17:31:27
thermo1|5.87|2014-12-28 17:31:51
thermo2|5.31|2014-12-28 17:32:03
thermo3|4.37|2014-12-28 17:32:13
lux|685.0|2014-12-28 17:41:28
thermo1|5.87|2014-12-28 17:41:51
thermo2|5.68|2014-12-28 17:42:03
thermo3|4.81|2014-12-28 17:42:13
lux|685.0|2014-12-28 17:51:28
thermo1|5.87|2014-12-28 17:51:52
thermo2|6.0|2014-12-28 17:52:04
thermo3|5.06|2014-12-28 17:52:13
lux|691.0|2014-12-28 18:01:28
thermo1|5.87|2014-12-28 18:01:52
thermo2|6.31|2014-12-28 18:02:04
thermo3|5.25|2014-12-28 18:02:14
lux|704.0|2014-12-28 18:11:29
thermo1|5.93|2014-12-28 18:11:52
thermo2|6.56|2014-12-28 18:12:04
thermo3|6.06|2014-12-28 18:12:14
lux|693.0|2014-12-28 18:21:29
thermo1|5.93|2014-12-28 18:21:53
thermo2|6.87|2014-12-28 18:22:04
thermo3|6.12|2014-12-28 18:22:14
lux|719.0|2014-12-28 18:31:30
thermo1|5.93|2014-12-28 18:31:53
thermo2|7.18|2014-12-28 18:32:05
thermo3|6.18|2014-12-28 18:32:15
lux|700.0|2014-12-28 18:41:30
thermo1|6.0|2014-12-28 18:41:54
thermo2|7.75|2014-12-28 18:42:05
thermo3|6.43|2014-12-28 18:42:15
lux|700.0|2014-12-28 18:51:31
thermo1|6.0|2014-12-28 18:51:54
thermo2|8.06|2014-12-28 18:52:05
thermo3|6.93|2014-12-28 18:52:15
lux|746.0|2014-12-28 19:01:31
thermo1|6.06|2014-12-28 19:01:55
thermo2|10.0|2014-12-28 19:02:06
thermo3|9.12|2014-12-28 19:02:16
lux|749.0|2014-12-28 19:11:32
thermo1|6.06|2014-12-28 19:11:55
thermo2|12.75|2014-12-28 19:12:06
thermo3|8.56|2014-12-28 19:12:17
lux|731.0|2014-12-28 19:21:32
thermo1|6.12|2014-12-28 19:21:55
thermo2|10.12|2014-12-28 19:22:06
thermo3|9.75|2014-12-28 19:22:17
lux|707.0|2014-12-28 19:31:32
thermo1|6.18|2014-12-28 19:31:56
thermo2|10.06|2014-12-28 19:32:07
thermo3|9.68|2014-12-28 19:32:17
lux|749.0|2014-12-28 19:41:32
thermo1|6.18|2014-12-28 19:41:56
thermo2|10.56|2014-12-28 19:42:08
thermo3|10.0|2014-12-28 19:42:17
lux|716.0|2014-12-28 19:51:32
thermo1|6.25|2014-12-28 19:51:56
thermo2|11.12|2014-12-28 19:52:08
thermo3|9.87|2014-12-28 19:52:17
lux|715.0|2014-12-28 20:01:33
thermo1|6.31|2014-12-28 20:01:57
thermo2|10.37|2014-12-28 20:02:09
thermo3|10.12|2014-12-28 20:02:18
lux|805.0|2014-12-28 20:11:33
thermo1|6.37|2014-12-28 20:11:58
thermo2|10.56|2014-12-28 20:12:10
thermo3|10.12|2014-12-28 20:12:18
lux|764.0|2014-12-28 20:21:34
thermo1|6.43|2014-12-28 20:21:58
thermo2|10.68|2014-12-28 20:22:10
thermo3|11.93|2014-12-28 20:22:18
lux|713.0|2014-12-28 20:31:34
thermo1|6.5|2014-12-28 20:31:58
thermo2|11.06|2014-12-28 20:32:11
thermo3|14.56|2014-12-28 20:32:19
lux|708.0|2014-12-28 20:41:35
thermo1|6.56|2014-12-28 20:41:58
thermo2|13.56|2014-12-28 20:42:12
thermo3|11.43|2014-12-28 20:42:20
lux|757.0|2014-12-28 20:51:35
thermo1|6.68|2014-12-28 20:51:58
thermo2|12.37|2014-12-28 20:52:12
thermo3|11.62|2014-12-28 20:52:20
lux|766.0|2014-12-28 21:01:35
thermo1|6.75|2014-12-28 21:01:59
thermo2|11.68|2014-12-28 21:02:13
thermo3|14.31|2014-12-28 21:02:20
lux|832.0|2014-12-28 21:11:36
thermo1|6.81|2014-12-28 21:11:59
thermo2|13.68|2014-12-28 21:12:13
thermo3|16.68|2014-12-28 21:12:21
lux|847.0|2014-12-28 21:21:36
thermo1|7.0|2014-12-28 21:22:00
thermo2|15.12|2014-12-28 21:22:14
thermo3|21.62|2014-12-28 21:22:21
lux|821.0|2014-12-28 21:31:37
thermo1|7.18|2014-12-28 21:32:01
thermo2|19.06|2014-12-28 21:32:14
thermo3|18.12|2014-12-28 21:32:21
lux|830.0|2014-12-28 21:41:37
thermo1|7.43|2014-12-28 21:42:02
thermo2|19.62|2014-12-28 21:42:14
thermo3|21.87|2014-12-28 21:42:22
lux|787.0|2014-12-28 21:51:37
thermo1|7.68|2014-12-28 21:52:02
thermo2|19.93|2014-12-28 21:52:15
thermo3|21.43|2014-12-28 21:52:22
lux|834.0|2014-12-28 22:01:38
thermo1|7.93|2014-12-28 22:02:02
thermo2|19.93|2014-12-28 22:02:16
thermo3|23.81|2014-12-28 22:02:23
lux|772.0|2014-12-28 22:11:38
thermo1|8.25|2014-12-28 22:12:03
thermo2|21.37|2014-12-28 22:12:16
thermo3|19.06|2014-12-28 22:12:23
lux|762.0|2014-12-28 22:21:38
thermo1|8.56|2014-12-28 22:22:04
thermo2|19.68|2014-12-28 22:22:16
thermo3|20.43|2014-12-28 22:22:23
lux|776.0|2014-12-28 22:31:39
thermo1|8.75|2014-12-28 22:32:04
thermo2|19.25|2014-12-28 22:32:17
thermo3|22.31|2014-12-28 22:32:23
lux|787.0|2014-12-28 22:41:39
thermo1|9.06|2014-12-28 22:42:05
thermo2|20.37|2014-12-28 22:42:17
thermo3|19.56|2014-12-28 22:42:24
lux|756.0|2014-12-28 22:51:40
thermo1|9.25|2014-12-28 22:52:05
thermo2|19.31|2014-12-28 22:52:17
thermo3|21.06|2014-12-28 22:52:24
lux|661.0|2014-12-28 23:01:40
thermo1|9.5|2014-12-28 23:02:06
thermo2|18.81|2014-12-28 23:02:18
thermo3|16.68|2014-12-28 23:02:24
lux|804.0|2014-12-28 23:11:40
thermo1|9.62|2014-12-28 23:12:06
thermo2|18.12|2014-12-28 23:12:18
thermo3|23.68|2014-12-28 23:12:24
lux|825.0|2014-12-28 23:21:40
thermo1|9.87|2014-12-28 23:22:07
thermo2|19.06|2014-12-28 23:22:18
thermo3|18.31|2014-12-28 23:22:25
lux|828.0|2014-12-28 23:31:41
thermo1|10.06|2014-12-28 23:32:08
thermo2|19.75|2014-12-28 23:32:18
thermo3|14.0|2014-12-28 23:32:25
lux|786.0|2014-12-28 23:41:41
thermo1|10.18|2014-12-28 23:42:09
thermo2|18.75|2014-12-28 23:42:19
thermo3|13.43|2014-12-28 23:42:25
lux|679.0|2014-12-28 23:51:41
thermo1|10.25|2014-12-28 23:52:09
thermo2|16.43|2014-12-28 23:52:19
thermo3|12.87|2014-12-28 23:52:26
lux|610.0|2014-12-29 00:01:42
thermo1|10.31|2014-12-29 00:02:09
thermo2|14.5|2014-12-29 00:02:20
thermo3|12.37|2014-12-29 00:02:27
lux|592.0|2014-12-29 00:11:42
thermo1|10.37|2014-12-29 00:12:10
thermo2|13.06|2014-12-29 00:12:20
thermo3|11.87|2014-12-29 00:12:27
lux|561.0|2014-12-29 00:21:43
thermo1|10.37|2014-12-29 00:22:11
thermo2|12.0|2014-12-29 00:22:20
thermo3|11.31|2014-12-29 00:22:27
lux|516.0|2014-12-29 00:31:43
thermo1|10.37|2014-12-29 00:32:11
thermo2|11.12|2014-12-29 00:32:21
thermo3|10.75|2014-12-29 00:32:28
lux|469.0|2014-12-29 00:41:43
thermo1|10.37|2014-12-29 00:42:12
thermo2|9.93|2014-12-29 00:42:21
thermo3|9.5|2014-12-29 00:42:28
lux|394.0|2014-12-29 00:51:44
thermo1|10.37|2014-12-29 00:52:12
thermo2|9.0|2014-12-29 00:52:22
thermo3|8.5|2014-12-29 00:52:29
lux|290.0|2014-12-29 01:01:44
thermo1|10.37|2014-12-29 01:02:12
thermo2|8.37|2014-12-29 01:02:23
thermo3|7.43|2014-12-29 01:02:29
lux|163.0|2014-12-29 01:11:44
thermo1|10.37|2014-12-29 01:12:13
thermo2|7.87|2014-12-29 01:12:23
thermo3|6.87|2014-12-29 01:12:29
lux|49.0|2014-12-29 01:21:45
thermo1|10.31|2014-12-29 01:22:13
thermo2|7.5|2014-12-29 01:22:23
thermo3|6.31|2014-12-29 01:22:30
lux|7.0|2014-12-29 01:31:45
thermo1|10.31|2014-12-29 01:32:14
thermo2|7.06|2014-12-29 01:32:24
thermo3|5.62|2014-12-29 01:32:30
lux|2.0|2014-12-29 01:41:46
thermo1|10.31|2014-12-29 01:42:14
thermo2|6.68|2014-12-29 01:42:24
thermo3|5.31|2014-12-29 01:42:30
lux|0.0|2014-12-29 01:51:46
thermo1|10.25|2014-12-29 01:52:15
thermo2|6.43|2014-12-29 01:52:24
thermo3|4.93|2014-12-29 01:52:31
lux|0.0|2014-12-29 02:01:47
thermo1|10.25|2014-12-29 02:02:15
thermo2|6.18|2014-12-29 02:02:25
thermo3|4.62|2014-12-29 02:02:31
lux|0.0|2014-12-29 02:11:47
thermo1|10.18|2014-12-29 02:12:15
thermo2|5.93|2014-12-29 02:12:25
thermo3|4.12|2014-12-29 02:12:31
lux|0.0|2014-12-29 02:21:48
thermo1|10.18|2014-12-29 02:22:16
thermo2|5.68|2014-12-29 02:22:26
thermo3|3.87|2014-12-29 02:22:32
lux|0.0|2014-12-29 02:31:49
thermo1|10.12|2014-12-29 02:32:17
thermo2|5.62|2014-12-29 02:32:26
thermo3|4.0|2014-12-29 02:32:32
lux|1.0|2014-12-29 02:41:49
thermo1|10.12|2014-12-29 02:42:17
thermo2|5.56|2014-12-29 02:42:26
thermo3|4.25|2014-12-29 02:42:32
lux|3.0|2014-12-29 02:51:49
thermo1|10.06|2014-12-29 02:52:18
thermo2|5.43|2014-12-29 02:52:26
thermo3|3.87|2014-12-29 02:52:32
lux|1.0|2014-12-29 03:01:49
thermo1|10.06|2014-12-29 03:02:18
thermo2|5.37|2014-12-29 03:02:26
thermo3|3.87|2014-12-29 03:02:32
lux|0.0|2014-12-29 03:11:49
thermo1|10.0|2014-12-29 03:12:19
thermo2|5.43|2014-12-29 03:12:26
thermo3|4.62|2014-12-29 03:12:33
lux|0.0|2014-12-29 03:21:50
thermo1|10.0|2014-12-29 03:22:20
thermo2|5.37|2014-12-29 03:22:27
thermo3|3.87|2014-12-29 03:22:33
lux|0.0|2014-12-29 03:31:50
thermo1|9.93|2014-12-29 03:32:20
thermo2|5.18|2014-12-29 03:32:27
thermo3|3.81|2014-12-29 03:32:33
lux|0.0|2014-12-29 03:41:50
thermo1|9.87|2014-12-29 03:42:20
thermo2|5.12|2014-12-29 03:42:28
thermo3|3.43|2014-12-29 03:42:34
lux|0.0|2014-12-29 03:51:51
thermo1|9.87|2014-12-29 03:52:20
thermo2|4.93|2014-12-29 03:52:29
thermo3|3.25|2014-12-29 03:52:34
lux|4.0|2014-12-29 04:01:51
thermo1|9.81|2014-12-29 04:02:20
thermo2|4.87|2014-12-29 04:02:29
thermo3|3.25|2014-12-29 04:02:35
lux|1.0|2014-12-29 04:11:52
thermo1|9.75|2014-12-29 04:12:21
thermo2|4.87|2014-12-29 04:12:30
thermo3|3.43|2014-12-29 04:12:35
lux|0.0|2014-12-29 04:21:52
thermo1|9.75|2014-12-29 04:22:21
thermo2|4.81|2014-12-29 04:22:30
thermo3|3.18|2014-12-29 04:22:35
lux|0.0|2014-12-29 04:31:53
thermo1|9.68|2014-12-29 04:32:21
thermo2|4.68|2014-12-29 04:32:30
thermo3|2.93|2014-12-29 04:32:36
